Build started 4/18/2016 11:09:33 PM.
     1>Project "C:\Users\Jovana\Documents\GitHub\HSV2-old\HideAndSeekV2\HideAndSeekV2.vcxproj" on node 2 (Rebuild target(s)).
     1>ClCompile:
         C:\Program Files (x86)\Microsoft Visual Studio 14.0\VC\bin\CL.exe /c /ZI /nologo /W3 /WX- /Od /Oy- /D WIN32 /D _DEBUG /D _CONSOLE /D _UNICODE /D UNICODE /Gm /EHsc /RTC1 /MDd /GS /fp:precise /Zc:wchar_t /Zc:forScope /Zc:inline /Fo"Debug\\" /Fd"Debug\vc140.pdb" /Gd /TP /analyze- /errorReport:prompt Aliases.cpp Assign.cpp ChangeDirectory.cpp Command.cpp Copy.cpp Exceptions.cpp Help.cpp MakeDirectory.cpp MakeFile.cpp Delete.cpp Move.cpp PrintDirectoryContents.cpp Quit.cpp Select.cpp SelectionsNSimbolics.cpp StartNFinish.cpp Work.cpp
         Work.cpp
         StartNFinish.cpp
         SelectionsNSimbolics.cpp
         Select.cpp
         Quit.cpp
         PrintDirectoryContents.cpp
     1>c:\users\jovana\documents\github\hsv2-old\hideandseekv2\printdirectorycontents.cpp(39): warning C4996: 'asctime': This function or variable may be unsafe. Consider using asctime_s instead. To disable deprecation, use _CRT_SECURE_NO_WARNINGS. See online help for details.
         c:\program files (x86)\windows kits\10\include\10.0.10150.0\ucrt\time.h(116): note: see declaration of 'asctime'
     1>c:\users\jovana\documents\github\hsv2-old\hideandseekv2\printdirectorycontents.cpp(39): warning C4996: 'localtime': This function or variable may be unsafe. Consider using localtime_s instead. To disable deprecation, use _CRT_SECURE_NO_WARNINGS. See online help for details.
         c:\program files (x86)\windows kits\10\include\10.0.10150.0\ucrt\time.h(505): note: see declaration of 'localtime'
         Move.cpp
         Delete.cpp
         MakeFile.cpp
         MakeDirectory.cpp
         Help.cpp
         Exceptions.cpp
         Copy.cpp
     1>c:\users\jovana\documents\github\hsv2-old\hideandseekv2\copy.cpp(61): warning C4996: '_itoa': This function or variable may be unsafe. Consider using _itoa_s instead. To disable deprecation, use _CRT_SECURE_NO_WARNINGS. See online help for details.
         c:\program files (x86)\windows kits\10\include\10.0.10150.0\ucrt\stdlib.h(637): note: see declaration of '_itoa'
         Command.cpp
         ChangeDirectory.cpp
         Assign.cpp
         Aliases.cpp
         Generating Code...
       Link:
         C:\Program Files (x86)\Microsoft Visual Studio 14.0\VC\bin\link.exe /ERRORREPORT:PROMPT /OUT:"C:\Users\Jovana\Documents\GitHub\HSV2-old\Debug\HideAndSeekV2.exe" /INCREMENTAL /NOLOGO kernel32.lib user32.lib gdi32.lib winspool.lib comdlg32.lib advapi32.lib shell32.lib ole32.lib oleaut32.lib uuid.lib odbc32.lib odbccp32.lib /MANIFEST /MANIFESTUAC:"level='asInvoker' uiAccess='false'" /manifest:embed /Debug /PDB:"C:\Users\Jovana\Documents\GitHub\HSV2-old\Debug\HideAndSeekV2.pdb" /SUBSYSTEM:CONSOLE /TLBID:1 /DYNAMICBASE /NXCOMPAT /IMPLIB:"C:\Users\Jovana\Documents\GitHub\HSV2-old\Debug\HideAndSeekV2.lib" /MACHINE:X86 Debug\Aliases.obj
         Debug\Assign.obj
         Debug\ChangeDirectory.obj
         Debug\Command.obj
         Debug\Copy.obj
         Debug\Exceptions.obj
         Debug\Help.obj
         Debug\MakeDirectory.obj
         Debug\MakeFile.obj
         Debug\Delete.obj
         Debug\Move.obj
         Debug\PrintDirectoryContents.obj
         Debug\Quit.obj
         Debug\Select.obj
         Debug\SelectionsNSimbolics.obj
         Debug\StartNFinish.obj
         Debug\Work.obj
         HideAndSeekV2.vcxproj -> C:\Users\Jovana\Documents\GitHub\HSV2-old\Debug\HideAndSeekV2.exe
     1>Done Building Project "C:\Users\Jovana\Documents\GitHub\HSV2-old\HideAndSeekV2\HideAndSeekV2.vcxproj" (Rebuild target(s)).

Build succeeded.

Time Elapsed 00:00:36.66
