c:\users\jovana\documents\visual studio 2015\projects\hideandseekv2\hideandseekv2\debug\vc140.pdb
c:\users\jovana\documents\visual studio 2015\projects\hideandseekv2\hideandseekv2\debug\vc140.idb
c:\users\jovana\documents\visual studio 2015\projects\hideandseekv2\hideandseekv2\debug\aliases.obj
c:\users\jovana\documents\visual studio 2015\projects\hideandseekv2\hideandseekv2\debug\assign.obj
c:\users\jovana\documents\visual studio 2015\projects\hideandseekv2\hideandseekv2\debug\changedirectory.obj
c:\users\jovana\documents\visual studio 2015\projects\hideandseekv2\hideandseekv2\debug\command.obj
c:\users\jovana\documents\visual studio 2015\projects\hideandseekv2\hideandseekv2\debug\copy.obj
c:\users\jovana\documents\visual studio 2015\projects\hideandseekv2\hideandseekv2\debug\delete.obj
c:\users\jovana\documents\visual studio 2015\projects\hideandseekv2\hideandseekv2\debug\help.obj
c:\users\jovana\documents\visual studio 2015\projects\hideandseekv2\hideandseekv2\debug\makedirectory.obj
c:\users\jovana\documents\visual studio 2015\projects\hideandseekv2\hideandseekv2\debug\makefile.obj
c:\users\jovana\documents\visual studio 2015\projects\hideandseekv2\hideandseekv2\debug\move.obj
c:\users\jovana\documents\visual studio 2015\projects\hideandseekv2\hideandseekv2\debug\printdirectorycontents.obj
c:\users\jovana\documents\visual studio 2015\projects\hideandseekv2\hideandseekv2\debug\select.obj
c:\users\jovana\documents\visual studio 2015\projects\hideandseekv2\hideandseekv2\debug\selectionsnsimbolics.obj
c:\users\jovana\documents\visual studio 2015\projects\hideandseekv2\hideandseekv2\debug\startnfinish.obj
c:\users\jovana\documents\visual studio 2015\projects\hideandseekv2\hideandseekv2\debug\exceptions.obj
c:\users\jovana\documents\visual studio 2015\projects\hideandseekv2\hideandseekv2\debug\work.obj
c:\users\jovana\documents\visual studio 2015\projects\hideandseekv2\debug\hideandseekv2.ilk
c:\users\jovana\documents\visual studio 2015\projects\hideandseekv2\debug\hideandseekv2.exe
c:\users\jovana\documents\visual studio 2015\projects\hideandseekv2\debug\hideandseekv2.pdb
c:\users\jovana\desktop\hideandseekv2 - old\hideandseekv2\debug\aliases.obj
c:\users\jovana\desktop\hideandseekv2 - old\hideandseekv2\debug\assign.obj
c:\users\jovana\desktop\hideandseekv2 - old\hideandseekv2\debug\changedirectory.obj
c:\users\jovana\desktop\hideandseekv2 - old\hideandseekv2\debug\command.obj
c:\users\jovana\desktop\hideandseekv2 - old\hideandseekv2\debug\copy.obj
c:\users\jovana\desktop\hideandseekv2 - old\hideandseekv2\debug\delete.obj
c:\users\jovana\desktop\hideandseekv2 - old\hideandseekv2\debug\exceptions.obj
c:\users\jovana\desktop\hideandseekv2 - old\hideandseekv2\debug\help.obj
c:\users\jovana\desktop\hideandseekv2 - old\hideandseekv2\debug\makedirectory.obj
c:\users\jovana\desktop\hideandseekv2 - old\hideandseekv2\debug\makefile.obj
c:\users\jovana\desktop\hideandseekv2 - old\hideandseekv2\debug\move.obj
c:\users\jovana\desktop\hideandseekv2 - old\hideandseekv2\debug\printdirectorycontents.obj
c:\users\jovana\desktop\hideandseekv2 - old\hideandseekv2\debug\select.obj
c:\users\jovana\desktop\hideandseekv2 - old\hideandseekv2\debug\selectionsnsimbolics.obj
c:\users\jovana\desktop\hideandseekv2 - old\hideandseekv2\debug\startnfinish.obj
c:\users\jovana\desktop\hideandseekv2 - old\hideandseekv2\debug\work.obj
c:\users\jovana\desktop\hideandseekv2 - old\hideandseekv2\debug\vc140.idb
c:\users\jovana\desktop\hideandseekv2 - old\hideandseekv2\debug\vc140.pdb
c:\users\jovana\desktop\hideandseekv2 - old\debug\hideandseekv2.pdb
c:\users\jovana\desktop\hideandseekv2 - old\debug\hideandseekv2.exe
c:\users\jovana\desktop\hideandseekv2 - old\debug\hideandseekv2.ilk
c:\users\jovana\desktop\hideandseekv2 - old\hideandseekv2\debug\hideandseekv2.tlog\cl.command.1.tlog
c:\users\jovana\desktop\hideandseekv2 - old\hideandseekv2\debug\hideandseekv2.tlog\cl.read.1.tlog
c:\users\jovana\desktop\hideandseekv2 - old\hideandseekv2\debug\hideandseekv2.tlog\cl.write.1.tlog
c:\users\jovana\desktop\hideandseekv2 - old\hideandseekv2\debug\hideandseekv2.tlog\link.command.1.tlog
c:\users\jovana\desktop\hideandseekv2 - old\hideandseekv2\debug\hideandseekv2.tlog\link.read.1.tlog
c:\users\jovana\desktop\hideandseekv2 - old\hideandseekv2\debug\hideandseekv2.tlog\link.write.1.tlog
