c:\users\jovana\documents\github\hsv2-old\hideandseekv2\x64\debug\vc140.pdb
c:\users\jovana\documents\github\hsv2-old\hideandseekv2\x64\debug\vc140.idb
c:\users\jovana\documents\github\hsv2-old\hideandseekv2\x64\debug\aliases.obj
c:\users\jovana\documents\github\hsv2-old\hideandseekv2\x64\debug\assign.obj
c:\users\jovana\documents\github\hsv2-old\hideandseekv2\x64\debug\changedirectory.obj
c:\users\jovana\documents\github\hsv2-old\hideandseekv2\x64\debug\command.obj
c:\users\jovana\documents\github\hsv2-old\hideandseekv2\x64\debug\copy.obj
c:\users\jovana\documents\github\hsv2-old\hideandseekv2\x64\debug\exceptions.obj
c:\users\jovana\documents\github\hsv2-old\hideandseekv2\x64\debug\help.obj
c:\users\jovana\documents\github\hsv2-old\hideandseekv2\x64\debug\makedirectory.obj
c:\users\jovana\documents\github\hsv2-old\hideandseekv2\x64\debug\makefile.obj
c:\users\jovana\documents\github\hsv2-old\hideandseekv2\x64\debug\delete.obj
c:\users\jovana\documents\github\hsv2-old\hideandseekv2\x64\debug\move.obj
c:\users\jovana\documents\github\hsv2-old\hideandseekv2\x64\debug\printdirectorycontents.obj
c:\users\jovana\documents\github\hsv2-old\hideandseekv2\x64\debug\quit.obj
c:\users\jovana\documents\github\hsv2-old\hideandseekv2\x64\debug\select.obj
c:\users\jovana\documents\github\hsv2-old\hideandseekv2\x64\debug\selectionsnsimbolics.obj
c:\users\jovana\documents\github\hsv2-old\hideandseekv2\x64\debug\settimestamp.obj
c:\users\jovana\documents\github\hsv2-old\hideandseekv2\x64\debug\startnfinish.obj
c:\users\jovana\documents\github\hsv2-old\hideandseekv2\x64\debug\user.obj
c:\users\jovana\documents\github\hsv2-old\hideandseekv2\x64\debug\work.obj
c:\users\jovana\documents\github\hsv2-old\hideandseekv2\x64\debug\info.obj
c:\users\jovana\documents\github\hsv2-old\x64\debug\hideandseekv2.ilk
c:\users\jovana\documents\github\hsv2-old\x64\debug\hideandseekv2.exe
c:\users\jovana\documents\github\hsv2-old\x64\debug\hideandseekv2.pdb
c:\users\jovana\documents\github\hsv2-old\hideandseekv2\x64\debug\hideandseekv2.tlog\cl.command.1.tlog
c:\users\jovana\documents\github\hsv2-old\hideandseekv2\x64\debug\hideandseekv2.tlog\cl.read.1.tlog
c:\users\jovana\documents\github\hsv2-old\hideandseekv2\x64\debug\hideandseekv2.tlog\cl.write.1.tlog
c:\users\jovana\documents\github\hsv2-old\hideandseekv2\x64\debug\hideandseekv2.tlog\link.command.1.tlog
c:\users\jovana\documents\github\hsv2-old\hideandseekv2\x64\debug\hideandseekv2.tlog\link.read.1.tlog
c:\users\jovana\documents\github\hsv2-old\hideandseekv2\x64\debug\hideandseekv2.tlog\link.write.1.tlog
